630  [restartedMain] INFO  ru.mirea.pr_19.Pr19Application
                – Starting Pr19Application using Java 21.0.2 with PID 17436 (D:\Projects\IdeaProjects\pr_19\build\classes\java\main started by BatMan in D:\Projects\IdeaProjects\pr_19)
631  [restartedMain] DEBUG ru.mirea.pr_19.Pr19Application
                – Running with Spring Boot v3.2.4, Spring v6.1.5
632  [restartedMain] INFO  ru.mirea.pr_19.Pr19Application
                – No active profile set, falling back to 1 default profile: "default"
677  [restartedMain] INFO  o.s.b.d.e.DevToolsPropertyDefaultsPostProcessor
                – Devtools property defaults active! Set 'spring.devtools.add-properties' to 'false' to disable
677  [restartedMain] INFO  o.s.b.d.e.DevToolsPropertyDefaultsPostProcessor
                – For additional web related logging consider setting the 'logging.level.web' property to 'DEBUG'
1125 [restartedMain] INFO  o.s.d.r.c.RepositoryConfigurationDelegate
                – Bootstrapping Spring Data JPA repositories in DEFAULT mode.
1166 [restartedMain] INFO  o.s.d.r.c.RepositoryConfigurationDelegate
                – Finished Spring Data repository scanning in 34 ms. Found 2 JPA repository interfaces.
1878 [restartedMain] INFO  o.s.b.w.e.tomcat.TomcatWebServer
                – Tomcat initialized with port 8080 (http)
1888 [restartedMain] INFO  o.a.coyote.http11.Http11NioProtocol
                – Initializing ProtocolHandler ["http-nio-8080"]
1889 [restartedMain] INFO  o.a.catalina.core.StandardService
                – Starting service [Tomcat]
1890 [restartedMain] INFO  o.a.catalina.core.StandardEngine
                – Starting Servlet engine: [Apache Tomcat/10.1.19]
1930 [restartedMain] INFO  o.a.c.c.C.[Tomcat].[localhost].[/]
                – Initializing Spring embedded WebApplicationContext
1930 [restartedMain] INFO  o.s.b.w.s.c.ServletWebServerApplicationContext
                – Root WebApplicationContext: initialization completed in 1253 ms
2070 [restartedMain] INFO  o.h.jpa.internal.util.LogHelper
                – HHH000204: Processing PersistenceUnitInfo [name: default]
2133 [restartedMain] INFO  org.hibernate.Version
                – HHH000412: Hibernate ORM core version 6.4.4.Final
2166 [restartedMain] INFO  o.h.c.i.RegionFactoryInitiator
                – HHH000026: Second-level cache disabled
2381 [restartedMain] INFO  o.s.o.j.p.SpringPersistenceUnitInfo
                – No LoadTimeWeaver setup: ignoring JPA class transformer
2404 [restartedMain] INFO  com.zaxxer.hikari.HikariDataSource
                – HikariPool-1 - Starting...
2556 [restartedMain] INFO  com.zaxxer.hikari.pool.HikariPool
                – HikariPool-1 - Added connection org.postgresql.jdbc.PgConnection@502ce586
2558 [restartedMain] INFO  com.zaxxer.hikari.HikariDataSource
                – HikariPool-1 - Start completed.
3443 [restartedMain] INFO  o.h.e.t.j.p.i.JtaPlatformInitiator
                – HHH000489: No JTA platform available (set 'hibernate.transaction.jta.platform' to enable JTA platform integration)
3508 [restartedMain] INFO  o.s.o.j.LocalContainerEntityManagerFactoryBean
                – Initialized JPA EntityManagerFactory for persistence unit 'default'
3857 [restartedMain] WARN  o.s.b.a.o.j.JpaBaseConfiguration$JpaWebConfiguration
                – spring.jpa.open-in-view is enabled by default. Therefore, database queries may be performed during view rendering. Explicitly configure spring.jpa.open-in-view to disable this warning
4181 [restartedMain] INFO  o.s.b.d.a.OptionalLiveReloadServer
                – LiveReload server is running on port 35729
4200 [restartedMain] INFO  o.a.coyote.http11.Http11NioProtocol
                – Starting ProtocolHandler ["http-nio-8080"]
4217 [restartedMain] INFO  o.s.b.w.e.tomcat.TomcatWebServer
                – Tomcat started on port 8080 (http) with context path ''
4225 [restartedMain] INFO  ru.mirea.pr_19.Pr19Application
                – Started Pr19Application in 3.912 seconds (process running for 4.615)
9303 [http-nio-8080-exec-1] INFO  o.a.c.c.C.[Tomcat].[localhost].[/]
                – Initializing Spring DispatcherServlet 'dispatcherServlet'
9303 [http-nio-8080-exec-1] INFO  o.s.web.servlet.DispatcherServlet
                – Initializing Servlet 'dispatcherServlet'
9304 [http-nio-8080-exec-1] INFO  o.s.web.servlet.DispatcherServlet
                – Completed initialization in 1 ms
9410 [http-nio-8080-exec-1] INFO  r.m.p.c.impl.StudentServiceImpl
                – Add student with firstname Bokoev, middlename Gosha, lastname Ruslanovich
10018 [http-nio-8080-exec-1] INFO  ru.mirea.pr_19.TimeLoggingAspect
                – Method execution time: 607ms
10049 [http-nio-8080-exec-1] INFO  ru.mirea.pr_19.TimeLoggingAspect
                – Method execution time: 639ms
33994 [http-nio-8080-exec-2] INFO  r.m.p.c.impl.StudentServiceImpl
                – Find all students
34117 [http-nio-8080-exec-2] INFO  ru.mirea.pr_19.TimeLoggingAspect
                – Method execution time: 123ms
53809 [http-nio-8080-exec-4] INFO  r.m.p.c.impl.UniversityServiceImpl
                – Add university with name MIREA
54246 [http-nio-8080-exec-4] INFO  ru.mirea.pr_19.TimeLoggingAspect
                – Method execution time: 436ms
54254 [http-nio-8080-exec-4] INFO  ru.mirea.pr_19.TimeLoggingAspect
                – Method execution time: 445ms
74799 [SpringApplicationShutdownHook] INFO  o.s.o.j.LocalContainerEntityManagerFactoryBean
                – Closing JPA EntityManagerFactory for persistence unit 'default'
74804 [SpringApplicationShutdownHook] INFO  com.zaxxer.hikari.HikariDataSource
                – HikariPool-1 - Shutdown initiated...
74812 [SpringApplicationShutdownHook] INFO  com.zaxxer.hikari.HikariDataSource
                – HikariPool-1 - Shutdown completed.
